{"/Users/fernando/Documents/Diplomado Fullstack Developer/Modulo 3/programacion_con_JS_2/Ejercicios SG3/PRUEBAS/1. ejercicio 1/ejercicio1.js": {"path":"/Users/fernando/Documents/Diplomado Fullstack Developer/Modulo 3/programacion_con_JS_2/Ejercicios SG3/PRUEBAS/1. ejercicio 1/ejercicio1.js","statementMap":{"0":{"start":{"line":3,"column":2},"end":{"line":3,"column":15}},"1":{"start":{"line":6,"column":0},"end":{"line":6,"column":21}}},"fnMap":{"0":{"name":"sum","decl":{"start":{"line":2,"column":9},"end":{"line":2,"column":12}},"loc":{"start":{"line":2,"column":19},"end":{"line":4,"column":1}},"line":2}},"branchMap":{},"s":{"0":0,"1":1},"f":{"0":0},"b":{},"_coverageSchema":"1a1c01bbd47fc00a2c39e90264f33305004495a9","hash":"cb06fb4c855b80a53c5d58e5467ada763d99d8df"}
,"/Users/fernando/Documents/Diplomado Fullstack Developer/Modulo 3/programacion_con_JS_2/Ejercicios SG3/PRUEBAS/2. arrays/array.js": {"path":"/Users/fernando/Documents/Diplomado Fullstack Developer/Modulo 3/programacion_con_JS_2/Ejercicios SG3/PRUEBAS/2. arrays/array.js","statementMap":{"0":{"start":{"line":1,"column":16},"end":{"line":34,"column":1}},"1":{"start":{"line":35,"column":13},"end":{"line":43,"column":1}},"2":{"start":{"line":45,"column":0},"end":{"line":48,"column":2}}},"fnMap":{},"branchMap":{},"s":{"0":1,"1":1,"2":1},"f":{},"b":{},"_coverageSchema":"1a1c01bbd47fc00a2c39e90264f33305004495a9","hash":"cc4a29da7926a6c038ab8fba8dc92bbc3f895772"}
,"/Users/fernando/Documents/Diplomado Fullstack Developer/Modulo 3/programacion_con_JS_2/Ejercicios SG3/PRUEBAS/3. operaciones/operaciones.js": {"path":"/Users/fernando/Documents/Diplomado Fullstack Developer/Modulo 3/programacion_con_JS_2/Ejercicios SG3/PRUEBAS/3. operaciones/operaciones.js","statementMap":{"0":{"start":{"line":1,"column":14},"end":{"line":1,"column":29}},"1":{"start":{"line":1,"column":24},"end":{"line":1,"column":29}},"2":{"start":{"line":2,"column":15},"end":{"line":2,"column":30}},"3":{"start":{"line":2,"column":25},"end":{"line":2,"column":30}},"4":{"start":{"line":3,"column":20},"end":{"line":3,"column":35}},"5":{"start":{"line":3,"column":30},"end":{"line":3,"column":35}},"6":{"start":{"line":4,"column":16},"end":{"line":4,"column":31}},"7":{"start":{"line":4,"column":26},"end":{"line":4,"column":31}},"8":{"start":{"line":6,"column":0},"end":{"line":11,"column":2}}},"fnMap":{"0":{"name":"(anonymous_0)","decl":{"start":{"line":1,"column":14},"end":{"line":1,"column":15}},"loc":{"start":{"line":1,"column":24},"end":{"line":1,"column":29}},"line":1},"1":{"name":"(anonymous_1)","decl":{"start":{"line":2,"column":15},"end":{"line":2,"column":16}},"loc":{"start":{"line":2,"column":25},"end":{"line":2,"column":30}},"line":2},"2":{"name":"(anonymous_2)","decl":{"start":{"line":3,"column":20},"end":{"line":3,"column":21}},"loc":{"start":{"line":3,"column":30},"end":{"line":3,"column":35}},"line":3},"3":{"name":"(anonymous_3)","decl":{"start":{"line":4,"column":16},"end":{"line":4,"column":17}},"loc":{"start":{"line":4,"column":26},"end":{"line":4,"column":31}},"line":4}},"branchMap":{},"s":{"0":1,"1":1,"2":1,"3":1,"4":1,"5":1,"6":1,"7":1,"8":1},"f":{"0":1,"1":1,"2":1,"3":1},"b":{},"_coverageSchema":"1a1c01bbd47fc00a2c39e90264f33305004495a9","hash":"696e32cdbd2a3763adc601a29d72a9f39d026243"}
,"/Users/fernando/Documents/Diplomado Fullstack Developer/Modulo 3/programacion_con_JS_2/Ejercicios SG3/PRUEBAS/4. lenguajes/lenguajes.js": {"path":"/Users/fernando/Documents/Diplomado Fullstack Developer/Modulo 3/programacion_con_JS_2/Ejercicios SG3/PRUEBAS/4. lenguajes/lenguajes.js","statementMap":{"0":{"start":{"line":1,"column":21},"end":{"line":1,"column":28}},"1":{"start":{"line":2,"column":22},"end":{"line":2,"column":29}},"2":{"start":{"line":3,"column":22},"end":{"line":3,"column":29}},"3":{"start":{"line":6,"column":2},"end":{"line":16,"column":3}},"4":{"start":{"line":8,"column":6},"end":{"line":8,"column":25}},"5":{"start":{"line":9,"column":6},"end":{"line":9,"column":12}},"6":{"start":{"line":11,"column":6},"end":{"line":11,"column":31}},"7":{"start":{"line":12,"column":6},"end":{"line":12,"column":12}},"8":{"start":{"line":14,"column":6},"end":{"line":14,"column":24}},"9":{"start":{"line":15,"column":6},"end":{"line":15,"column":12}},"10":{"start":{"line":17,"column":2},"end":{"line":17,"column":12}},"11":{"start":{"line":20,"column":0},"end":{"line":20,"column":32}}},"fnMap":{"0":{"name":"lenguajePagina","decl":{"start":{"line":5,"column":9},"end":{"line":5,"column":23}},"loc":{"start":{"line":5,"column":34},"end":{"line":18,"column":1}},"line":5}},"branchMap":{"0":{"loc":{"start":{"line":6,"column":2},"end":{"line":16,"column":3}},"type":"switch","locations":[{"start":{"line":7,"column":4},"end":{"line":9,"column":12}},{"start":{"line":10,"column":4},"end":{"line":12,"column":12}},{"start":{"line":13,"column":4},"end":{"line":15,"column":12}}],"line":6}},"s":{"0":1,"1":1,"2":1,"3":3,"4":1,"5":0,"6":1,"7":0,"8":1,"9":0,"10":0,"11":1},"f":{"0":3},"b":{"0":[1,1,1]},"_coverageSchema":"1a1c01bbd47fc00a2c39e90264f33305004495a9","hash":"0c2ad33d9b7e205efae1dae6db1dca03d88e8710"}
,"/Users/fernando/Documents/Diplomado Fullstack Developer/Modulo 3/programacion_con_JS_2/Ejercicios SG3/PRUEBAS/5. objectMapping/objectMapping.js": {"path":"/Users/fernando/Documents/Diplomado Fullstack Developer/Modulo 3/programacion_con_JS_2/Ejercicios SG3/PRUEBAS/5. objectMapping/objectMapping.js","statementMap":{"0":{"start":{"line":1,"column":22},"end":{"line":5,"column":1}},"1":{"start":{"line":8,"column":2},"end":{"line":10,"column":3}},"2":{"start":{"line":9,"column":4},"end":{"line":9,"column":43}},"3":{"start":{"line":11,"column":2},"end":{"line":11,"column":29}},"4":{"start":{"line":14,"column":0},"end":{"line":14,"column":38}}},"fnMap":{"0":{"name":"getObjectDescription","decl":{"start":{"line":7,"column":9},"end":{"line":7,"column":29}},"loc":{"start":{"line":7,"column":36},"end":{"line":12,"column":1}},"line":7}},"branchMap":{"0":{"loc":{"start":{"line":8,"column":2},"end":{"line":10,"column":3}},"type":"if","locations":[{"start":{"line":8,"column":2},"end":{"line":10,"column":3}},{"start":{},"end":{}}],"line":8}},"s":{"0":1,"1":4,"2":2,"3":2,"4":1},"f":{"0":4},"b":{"0":[2,2]},"_coverageSchema":"1a1c01bbd47fc00a2c39e90264f33305004495a9","hash":"764124087c5a84cff3ec0e779b0bf34481d78ff3"}
,"/Users/fernando/Documents/Diplomado Fullstack Developer/Modulo 3/programacion_con_JS_2/Ejercicios SG3/PRUEBAS/6. valoresNumericos/valoresNumericos.js": {"path":"/Users/fernando/Documents/Diplomado Fullstack Developer/Modulo 3/programacion_con_JS_2/Ejercicios SG3/PRUEBAS/6. valoresNumericos/valoresNumericos.js","statementMap":{"0":{"start":{"line":1,"column":13},"end":{"line":7,"column":1}},"1":{"start":{"line":2,"column":13},"end":{"line":2,"column":14}},"2":{"start":{"line":3,"column":2},"end":{"line":5,"column":5}},"3":{"start":{"line":4,"column":4},"end":{"line":4,"column":16}},"4":{"start":{"line":6,"column":2},"end":{"line":6,"column":14}},"5":{"start":{"line":9,"column":18},"end":{"line":11,"column":1}},"6":{"start":{"line":10,"column":2},"end":{"line":10,"column":38}},"7":{"start":{"line":10,"column":31},"end":{"line":10,"column":36}},"8":{"start":{"line":13,"column":18},"end":{"line":15,"column":1}},"9":{"start":{"line":14,"column":2},"end":{"line":14,"column":38}},"10":{"start":{"line":14,"column":31},"end":{"line":14,"column":36}},"11":{"start":{"line":17,"column":16},"end":{"line":23,"column":1}},"12":{"start":{"line":18,"column":2},"end":{"line":18,"column":51}},"13":{"start":{"line":18,"column":38},"end":{"line":18,"column":51}},"14":{"start":{"line":19,"column":2},"end":{"line":21,"column":3}},"15":{"start":{"line":19,"column":15},"end":{"line":19,"column":16}},"16":{"start":{"line":20,"column":4},"end":{"line":20,"column":34}},"17":{"start":{"line":20,"column":21},"end":{"line":20,"column":34}},"18":{"start":{"line":22,"column":2},"end":{"line":22,"column":14}},"19":{"start":{"line":25,"column":15},"end":{"line":27,"column":1}},"20":{"start":{"line":26,"column":2},"end":{"line":26,"column":33}},"21":{"start":{"line":29,"column":0},"end":{"line":34,"column":2}}},"fnMap":{"0":{"name":"(anonymous_0)","decl":{"start":{"line":1,"column":13},"end":{"line":1,"column":14}},"loc":{"start":{"line":1,"column":23},"end":{"line":7,"column":1}},"line":1},"1":{"name":"(anonymous_1)","decl":{"start":{"line":3,"column":15},"end":{"line":3,"column":16}},"loc":{"start":{"line":3,"column":24},"end":{"line":5,"column":3}},"line":3},"2":{"name":"(anonymous_2)","decl":{"start":{"line":9,"column":18},"end":{"line":9,"column":19}},"loc":{"start":{"line":9,"column":31},"end":{"line":11,"column":1}},"line":9},"3":{"name":"(anonymous_3)","decl":{"start":{"line":10,"column":24},"end":{"line":10,"column":25}},"loc":{"start":{"line":10,"column":31},"end":{"line":10,"column":36}},"line":10},"4":{"name":"(anonymous_4)","decl":{"start":{"line":13,"column":18},"end":{"line":13,"column":19}},"loc":{"start":{"line":13,"column":31},"end":{"line":15,"column":1}},"line":13},"5":{"name":"(anonymous_5)","decl":{"start":{"line":14,"column":24},"end":{"line":14,"column":25}},"loc":{"start":{"line":14,"column":31},"end":{"line":14,"column":36}},"line":14},"6":{"name":"(anonymous_6)","decl":{"start":{"line":17,"column":16},"end":{"line":17,"column":17}},"loc":{"start":{"line":17,"column":23},"end":{"line":23,"column":1}},"line":17},"7":{"name":"(anonymous_7)","decl":{"start":{"line":25,"column":15},"end":{"line":25,"column":16}},"loc":{"start":{"line":25,"column":28},"end":{"line":27,"column":1}},"line":25}},"branchMap":{"0":{"loc":{"start":{"line":18,"column":2},"end":{"line":18,"column":51}},"type":"if","locations":[{"start":{"line":18,"column":2},"end":{"line":18,"column":51}},{"start":{},"end":{}}],"line":18},"1":{"loc":{"start":{"line":18,"column":6},"end":{"line":18,"column":36}},"type":"binary-expr","locations":[{"start":{"line":18,"column":6},"end":{"line":18,"column":12}},{"start":{"line":18,"column":16},"end":{"line":18,"column":36}}],"line":18},"2":{"loc":{"start":{"line":20,"column":4},"end":{"line":20,"column":34}},"type":"if","locations":[{"start":{"line":20,"column":4},"end":{"line":20,"column":34}},{"start":{},"end":{}}],"line":20}},"s":{"0":1,"1":3,"2":3,"3":7,"4":3,"5":1,"6":3,"7":11,"8":1,"9":3,"10":11,"11":1,"12":26,"13":6,"14":20,"15":20,"16":18,"17":9,"18":11,"19":1,"20":4,"21":1},"f":{"0":3,"1":7,"2":3,"3":11,"4":3,"5":11,"6":26,"7":4},"b":{"0":[6,20],"1":[26,21],"2":[9,9]},"_coverageSchema":"1a1c01bbd47fc00a2c39e90264f33305004495a9","hash":"f08c307c842480b0fc4cb5d7a002ed56ac65cf2e"}
}
